<?xml version="1.0" encoding="UTF-8"?>
<testsuite name="org.example.member.service.MemberServiceTest" tests="1" skipped="0" failures="0" errors="0" timestamp="2024-04-09T00:28:30" hostname="JWs-MacBook-Pro-14.local" time="0.022">
  <properties/>
  <testcase name="회원조회 테스트" classname="org.example.member.service.MemberServiceTest" time="0.022"/>
  <system-out><![CDATA[]]></system-out>
  <system-err><![CDATA[]]></system-err>
</testsuite>
